<?xml version="1.0" encoding="UTF-8"?>
<!-- Generated by org.testng.reporters.JUnitXMLReporter -->
<testsuite ignored="4" hostname="Kishore" failures="1" tests="3" name="Flipkart functional Testing on chrome" time="90.073" errors="0" timestamp="26 Apr 2023 12:41:18 GMT">
  <testcase classname="functionalTesting.FlipkartTesting" name="verifyPricesSorted" time="9.361"/>
  <testcase classname="functionalTesting.FlipkartTesting" name="verifyProductNameandPrice" time="23.557">
    <failure type="java.lang.IndexOutOfBoundsException" message="Index 8 out of bounds for length 0">
      <![CDATA[java.lang.IndexOutOfBoundsException: Index 8 out of bounds for length 0
at java.base/jdk.internal.util.Preconditions.outOfBounds(Preconditions.java:64)
at java.base/jdk.internal.util.Preconditions.outOfBoundsCheckIndex(Preconditions.java:70)
at java.base/jdk.internal.util.Preconditions.checkIndex(Preconditions.java:266)
at java.base/java.util.Objects.checkIndex(Objects.java:359)
at java.base/java.util.ArrayList.get(ArrayList.java:427)
at pages.ProductsListPage.clickOneProduct(ProductsListPage.java:41)
at functionalTesting.FlipkartTesting.verifyProductNameandPrice(FlipkartTesting.java:79)
... Removed 25 stack frames]]>
    </failure>
  </testcase> <!-- verifyProductNameandPrice -->
  <testcase classname="functionalTesting.FlipkartTesting" name="verifyTitleandHeading" time="53.509"/>
  <testcase classname="base.Base" name="@BeforeSuite reportInitialize" time="0.0">
    <ignored/>
  </testcase> <!-- @BeforeSuite reportInitialize -->
  <testcase classname="base.Base" name="@BeforeTest setUp" time="0.0">
    <ignored/>
  </testcase> <!-- @BeforeTest setUp -->
  <testcase classname="base.Base" name="@AfterTest tearDown" time="0.0">
    <ignored/>
  </testcase> <!-- @AfterTest tearDown -->
  <testcase classname="base.Base" name="@AfterSuite saveReport" time="0.0">
    <ignored/>
  </testcase> <!-- @AfterSuite saveReport -->
</testsuite> <!-- Flipkart functional Testing on chrome -->
